Command line:
   srff_tb_isim_beh.exe
     -simmode  gui
     -simrunnum  0
     -socket  54809

Sun Mar 27 19:44:19 2022


 Elaboration Time: 0.02 sec

 Current Memory Usage: 193.065 Meg

 Total Signals          : 18
 Total Nets             : 19
 Total Signal Drivers   : 10
 Total Blocks           : 3
 Total Primitive Blocks : 2
 Total Processes        : 14
 Total Traceable Variables  : 23
 Total Scalar Nets and Variables : 105
Total Line Count : 35

 Total Simulation Time: 0.07 sec

 Current Memory Usage: 268.567 Meg

Sun Mar 27 19:45:05 2022

