Command line:
   dff_tb_isim_beh.exe
     -simmode  gui
     -simrunnum  0
     -socket  33053

Sun Mar 27 19:42:32 2022


 Elaboration Time: 0.03 sec

 Current Memory Usage: 193.065 Meg

 Total Signals          : 18
 Total Nets             : 18
 Total Signal Drivers   : 10
 Total Blocks           : 3
 Total Primitive Blocks : 2
 Total Processes        : 14
 Total Traceable Variables  : 23
 Total Scalar Nets and Variables : 103
Total Line Count : 30

 Total Simulation Time: 0.15 sec

 Current Memory Usage: 268.567 Meg

Sun Mar 27 19:44:05 2022

