Command line:
   jkff_tb_isim_beh.exe
     -simmode  gui
     -simrunnum  0
     -socket  55489

Sun Mar 27 19:46:31 2022


 Elaboration Time: 0.02 sec

 Current Memory Usage: 193.065 Meg

 Total Signals          : 18
 Total Nets             : 19
 Total Signal Drivers   : 10
 Total Blocks           : 3
 Total Primitive Blocks : 2
 Total Processes        : 14
 Total Traceable Variables  : 23
 Total Scalar Nets and Variables : 105
Total Line Count : 36

 Total Simulation Time: 0.07 sec

 Current Memory Usage: 268.567 Meg

Sun Mar 27 19:47:14 2022

