Running: /opt/Xilinx/14.7/ISE_DS/ISE/bin/lin64/unwrapped/fuse -intstyle ise -incremental -lib unisims_ver -lib unimacro_ver -lib xilinxcorelib_ver -lib secureip -o /home/rohitlinux/VERILOG CODES/srff/srff_tb_isim_beh.exe -prj /home/rohitlinux/VERILOG CODES/srff/srff_tb_beh.prj work.srff_tb work.glbl 
ISim P.20131013 (signature 0xfbc00daa)
Number of CPUs detected in this system: 8
Turning on mult-threading, number of parallel sub-compilation jobs: 16 
Determining compilation order of HDL files
Analyzing Verilog file "/home/rohitlinux/VERILOG CODES/srff/srff.v" into library work
Analyzing Verilog file "/home/rohitlinux/VERILOG CODES/srff/srff_tb.v" into library work
Analyzing Verilog file "/opt/Xilinx/14.7/ISE_DS/ISE//verilog/src/glbl.v" into library work
Starting static elaboration
Completed static elaboration
Fuse Memory Usage: 82924 KB
Fuse CPU Usage: 1130 ms
Compiling module srff
Compiling module srff_tb
Compiling module glbl
Time Resolution for simulation is 1ps.
Waiting for 1 sub-compilation(s) to finish...
Compiled 3 Verilog Units
Built simulation executable /home/rohitlinux/VERILOG CODES/srff/srff_tb_isim_beh.exe
Fuse Memory Usage: 1167384 KB
Fuse CPU Usage: 1150 ms
GCC CPU Usage: 340 ms
