Command line:
   jkff_isim_beh.exe
     -simmode  gui
     -simrunnum  0
     -socket  49759

Sun Mar 27 19:45:16 2022


 Elaboration Time: 0.02 sec

 Current Memory Usage: 193.069 Meg

 Total Signals          : 16
 Total Nets             : 19
 Total Signal Drivers   : 7
 Total Blocks           : 2
 Total Primitive Blocks : 2
 Total Processes        : 9
 Total Traceable Variables  : 20
 Total Scalar Nets and Variables : 101
Total Line Count : 25

 Total Simulation Time: 0.04 sec

 Current Memory Usage: 268.571 Meg

Sun Mar 27 19:45:24 2022

