Command line:
   counter_tb_isim_beh.exe
     -simmode  gui
     -simrunnum  0
     -socket  57907

Sun Mar 27 17:04:22 2022


 Elaboration Time: 0.03 sec

 Current Memory Usage: 193.065 Meg

 Total Signals          : 17
 Total Nets             : 20
 Total Signal Drivers   : 9
 Total Blocks           : 3
 Total Primitive Blocks : 2
 Total Processes        : 13
 Total Traceable Variables  : 22
 Total Scalar Nets and Variables : 107
Total Line Count : 36

 Total Simulation Time: 0.33 sec

 Current Memory Usage: 268.567 Meg

Sun Mar 27 17:05:44 2022

