Command line:
   adder_tb_isim_beh.exe
     -simmode  gui
     -simrunnum  0
     -socket  36223

Sun Mar 27 17:58:18 2022


 Elaboration Time: 0.02 sec

 Current Memory Usage: 193.065 Meg

 Total Signals          : 41
 Total Nets             : 30
 Total Signal Drivers   : 16
 Total Blocks           : 7
 Total Primitive Blocks : 5
 Total Processes        : 18
 Total Traceable Variables  : 23
 Total Scalar Nets and Variables : 183
Total Line Count : 32

 Total Simulation Time: 0.15 sec

 Current Memory Usage: 268.567 Meg

Sun Mar 27 17:59:35 2022

